<?xml version="1.0" encoding="UTF-8"?>
<testng-results ignored="0" total="1" passed="1" failed="0" skipped="0">
  <reporter-output>
  </reporter-output>
  <suite started-at="2024-03-11T13:00:10 IST" name="Default suite" finished-at="2024-03-11T13:00:24 IST" duration-ms="14235">
    <groups>
    </groups>
    <test started-at="2024-03-11T13:00:10 IST" name="Default test" finished-at="2024-03-11T13:00:24 IST" duration-ms="14235">
      <class name="testscripts.createorgWithTypeAndIndustryTest">
        <test-method is-config="true" signature="classSetup()[pri:0, instance:testscripts.createorgWithTypeAndIndustryTest@54c5a2ff]" started-at="2024-03-11T13:00:10 IST" name="classSetup" finished-at="2024-03-11T13:00:11 IST" duration-ms="1622" status="PASS">
          <reporter-output>
          </reporter-output>
        </test-method> <!-- classSetup -->
        <test-method is-config="true" signature="methodSetup()[pri:0, instance:testscripts.createorgWithTypeAndIndustryTest@54c5a2ff]" started-at="2024-03-11T13:00:11 IST" name="methodSetup" finished-at="2024-03-11T13:00:14 IST" duration-ms="2997" status="PASS">
          <reporter-output>
          </reporter-output>
        </test-method> <!-- methodSetup -->
        <test-method signature="createorgWithTypeAndIndustryTest()[pri:0, instance:testscripts.createorgWithTypeAndIndustryTest@54c5a2ff]" started-at="2024-03-11T13:00:14 IST" name="createorgWithTypeAndIndustryTest" finished-at="2024-03-11T13:00:23 IST" duration-ms="8438" status="PASS">
          <reporter-output>
          </reporter-output>
        </test-method> <!-- createorgWithTypeAndIndustryTest -->
        <test-method is-config="true" signature="methodTeardown()[pri:0, instance:testscripts.createorgWithTypeAndIndustryTest@54c5a2ff]" started-at="2024-03-11T13:00:23 IST" name="methodTeardown" finished-at="2024-03-11T13:00:24 IST" duration-ms="980" status="PASS">
          <reporter-output>
          </reporter-output>
        </test-method> <!-- methodTeardown -->
        <test-method is-config="true" signature="classTearDown()[pri:0, instance:testscripts.createorgWithTypeAndIndustryTest@54c5a2ff]" started-at="2024-03-11T13:00:24 IST" name="classTearDown" finished-at="2024-03-11T13:00:24 IST" duration-ms="151" status="PASS">
          <reporter-output>
          </reporter-output>
        </test-method> <!-- classTearDown -->
      </class> <!-- testscripts.createorgWithTypeAndIndustryTest -->
    </test> <!-- Default test -->
  </suite> <!-- Default suite -->
</testng-results>
